input size: 384	output size: 128	model size: 23.921 GB	cache size: 3.125 GB	hidden size (p): 0.039 GB
peak gpu mem: 30.245 GB	projected: False
prefill latency: 0.755 s	prefill throughput: 4066.283 token/s
decode latency: 99.315 s	decode throughput: 10.230 token/s
total latency: 100.071 s	total throughput: 10.233 token/s
input size: 384	output size: 128	model size: 23.921 GB	cache size: 3.125 GB	hidden size (p): 0.039 GB
peak gpu mem: 30.245 GB	projected: False
prefill latency: 0.493 s	prefill throughput: 6235.450 token/s
decode latency: 31.332 s	decode throughput: 32.427 token/s
total latency: 31.824 s	total throughput: 32.177 token/s
input size: 384	output size: 128	model size: 23.921 GB	cache size: 3.125 GB	hidden size (p): 0.039 GB
peak gpu mem: 30.402 GB	projected: False
prefill latency: 1.524 s	prefill throughput: 2015.285 token/s
decode latency: 26.919 s	decode throughput: 37.743 token/s
total latency: 28.443 s	total throughput: 36.001 token/s
input size: 384	output size: 128	model size: 23.921 GB	cache size: 3.125 GB	hidden size (p): 0.039 GB
peak gpu mem: 30.245 GB	projected: False
prefill latency: 0.710 s	prefill throughput: 4324.266 token/s
decode latency: 87.638 s	decode throughput: 11.593 token/s
total latency: 88.349 s	total throughput: 11.590 token/s
